#
# There is insufficient memory for the Java Runtime Environment to continue.
# Native memory allocation (mmap) failed to map 65011712 bytes for committing reserved memory.
# Possible reasons:
#   The system is out of physical RAM or swap space
#   The process is running with CompressedOops enabled, and the Java Heap may be blocking the growth of the native heap
# Possible solutions:
#   Reduce memory load on the system
#   Increase physical memory or swap space
#   Check if swap backing store is full
#   Decrease Java heap size (-Xmx/-Xms)
#   Decrease number of Java threads
#   Decrease Java thread stack sizes (-Xss)
#   Set larger code cache with -XX:ReservedCodeCacheSize=
# This output file may be truncated or incomplete.
#
#  Out of Memory Error (os_linux.cpp:2877), pid=14620, tid=14621
#
# JRE version:  (11.0.8+10) (build )
# Java VM: OpenJDK 64-Bit Server VM (11.0.8+10-b944.34, mixed mode, sharing, tiered, compressed oops, g1 gc, linux-amd64)
# Core dump will be written. Default location: Core dumps may be processed with "/usr/share/apport/apport %p %s %c %d %P %E" (or dumping to /home/bzz/IdeaProjects/Skigebiete/core.14620)
#

---------------  S U M M A R Y ------------

Command Line: org.jetbrains.git4idea.http.GitAskPassApp Username for 'https://github.com': 

Host: Intel(R) Core(TM) i7-10510U CPU @ 1.80GHz, 2 cores, 3G, Linux Mint 19.1 Tessa
Time: Tue Jul 12 17:51:15 2022 CEST elapsed time: 0 seconds (0d 0h 0m 0s)

---------------  T H R E A D  ---------------

Current thread (0x00007fcd08028800):  JavaThread "Unknown thread" [_thread_in_vm, id=14621, stack(0x00007fcd0f88f000,0x00007fcd0f990000)]

Stack: [0x00007fcd0f88f000,0x00007fcd0f990000],  sp=0x00007fcd0f98e200,  free space=1020k
Native frames: (J=compiled Java code, A=aot compiled Java code, j=interpreted, Vv=VM code, C=native code)
V  [libjvm.so+0xd680df]  VMError::report_and_die(int, char const*, char const*, __va_list_tag*, Thread*, unsigned char*, void*, void*, char const*, int, unsigned long)+0x37f
V  [libjvm.so+0xd68dbb]  VMError::report_and_die(Thread*, char const*, int, unsigned long, VMErrorType, char const*, __va_list_tag*)+0x2b
V  [libjvm.so+0x653115]  report_vm_out_of_memory(char const*, int, unsigned long, VMErrorType, char const*, ...)+0xc5
V  [libjvm.so+0xb71028]  os::pd_commit_memory_or_exit(char*, unsigned long, unsigned long, bool, char const*)+0xd8
V  [libjvm.so+0xb683cd]  os::commit_memory_or_exit(char*, unsigned long, unsigned long, bool, char const*)+0x1d
V  [libjvm.so+0x76c07c]  G1PageBasedVirtualSpace::commit_preferred_pages(unsigned long, unsigned long)+0x6c
V  [libjvm.so+0x76c45e]  G1PageBasedVirtualSpace::commit(unsigned long, unsigned long)+0x19e
V  [libjvm.so+0x775756]  G1RegionsLargerThanCommitSizeMapper::commit_regions(unsigned int, unsigned long, WorkGang*)+0x46
V  [libjvm.so+0x7edcd4]  HeapRegionManager::commit_regions(unsigned int, unsigned long, WorkGang*)+0x54
V  [libjvm.so+0x7ee8e0]  HeapRegionManager::make_regions_available(unsigned int, unsigned int, WorkGang*)+0x30
V  [libjvm.so+0x7eed07]  HeapRegionManager::expand_at(unsigned int, unsigned int, WorkGang*) [clone .part.24]+0xf7
V  [libjvm.so+0x72a290]  G1CollectedHeap::expand(unsigned long, WorkGang*, double*)+0xe0
V  [libjvm.so+0x72a991]  G1CollectedHeap::initialize()+0x681
V  [libjvm.so+0xd2ae61]  Universe::initialize_heap()+0x41
V  [libjvm.so+0xd2b136]  universe_init()+0x46
V  [libjvm.so+0x80db97]  init_globals()+0x57
V  [libjvm.so+0xd04eda]  Threads::create_vm(JavaVMInitArgs*, bool*)+0x30a
V  [libjvm.so+0x8b22f1]  JNI_CreateJavaVM+0x51
C  [libjli.so+0x3c98]  JavaMain+0x88


---------------  P R O C E S S  ---------------

Threads class SMR info:
_java_thread_list=0x0000564413319e50, length=0, elements={
}

Java Threads: ( => current thread )

Other Threads:
  0x00007fcd08040000 GCTaskThread "GC Thread#0" [stack: 0x00007fccf5603000,0x00007fccf5703000] [id=14622]
  0x00007fcd0805b000 ConcurrentGCThread "G1 Main Marker" [stack: 0x00007fccf4d3e000,0x00007fccf4e3e000] [id=14623]
  0x00007fcd0805d000 ConcurrentGCThread "G1 Conc#0" [stack: 0x00007fccf4c3c000,0x00007fccf4d3c000] [id=14624]

[error occurred during error reporting (printing all threads), id 0xb, SIGSEGV (0xb) at pc=0x00007fcd0df0aa10]

VM state:not at safepoint (not fully initialized)

VM Mutex/Monitor currently owned by a thread:  ([mutex/lock_event])
[0x00007fcd08024e50] Heap_lock - owner thread: 0x00007fcd08028800

Heap address: 0x00000000c2a00000, size: 982 MB, Compressed Oops mode: Non-zero based: 0x00000000c2a00000
Narrow klass base: 0x0000000000000000, Narrow klass shift: 0

GC Heap History (0 events):
No events

Deoptimization events (0 events):
No events

Classes redefined (0 events):
No events

Internal exceptions (0 events):
No events

Events (2 events):
Event: 0.031 Protecting memory [0x00007fcd0f88f000,0x00007fcd0f893000] with protection modes 0
Event: 0.032 Loaded shared library /home/bzz/IntelliJ IDEA/jbr/lib/libzip.so


Dynamic libraries:
c6800000-100000000 ---p 00000000 00:00 0 
564412a23000-564412a24000 r-xp 00000000 08:01 403377                     /home/bzz/IntelliJ IDEA/jbr/bin/java
564412c24000-564412c25000 r--p 00001000 08:01 403377                     /home/bzz/IntelliJ IDEA/jbr/bin/java
564412c25000-564412c26000 rw-p 00002000 08:01 403377                     /home/bzz/IntelliJ IDEA/jbr/bin/java
564413316000-564413337000 rw-p 00000000 00:00 0                          [heap]
7fcce0000000-7fcce0021000 rw-p 00000000 00:00 0 
7fcce0021000-7fcce4000000 ---p 00000000 00:00 0 
7fcce8000000-7fcce8021000 rw-p 00000000 00:00 0 
7fcce8021000-7fccec000000 ---p 00000000 00:00 0 
7fccec150000-7fccee150000 rw-p 00000000 00:00 0 
7fccee150000-7fccf0000000 ---p 00000000 00:00 0 
7fccf0000000-7fccf0021000 rw-p 00000000 00:00 0 
7fccf0021000-7fccf4000000 ---p 00000000 00:00 0 
7fccf46ab000-7fccf4c3a000 rw-p 00000000 00:00 0 
7fccf4c3a000-7fccf4c3b000 ---p 00000000 00:00 0 
7fccf4c3b000-7fccf4d3c000 rw-p 00000000 00:00 0 
7fccf4d3c000-7fccf4d3d000 ---p 00000000 00:00 0 
7fccf4d3d000-7fccf4e3e000 rw-p 00000000 00:00 0 
7fccf4e3e000-7fccf53ff000 ---p 00000000 00:00 0 
7fccf53ff000-7fccf5601000 rw-p 00000000 00:00 0 
7fccf5601000-7fccf5602000 ---p 00000000 00:00 0 
7fccf5602000-7fccf5708000 rw-p 00000000 00:00 0 
7fccf5708000-7fccf57ee000 ---p 00000000 00:00 0 
7fccf57ee000-7fccf5a5e000 rwxp 00000000 00:00 0 
7fccf5a5e000-7fccf5d7d000 ---p 00000000 00:00 0 
7fccf5d7d000-7fccf5fed000 rwxp 00000000 00:00 0 
7fccf5fed000-7fccfd2b5000 ---p 00000000 00:00 0 
7fccfd2b5000-7fccfd525000 rwxp 00000000 00:00 0 
7fccfd525000-7fcd047ee000 ---p 00000000 00:00 0 
7fcd047ee000-7fcd08000000 r--s 00000000 08:01 166272                     /home/bzz/IntelliJ IDEA/jbr/lib/modules
7fcd08000000-7fcd08072000 rw-p 00000000 00:00 0 
7fcd08072000-7fcd0c000000 ---p 00000000 00:00 0 
7fcd0c094000-7fcd0c099000 rw-p 00000000 00:00 0 
7fcd0c099000-7fcd0c17f000 ---p 00000000 00:00 0 
7fcd0c17f000-7fcd0c186000 r-xp 00000000 08:01 166044                     /home/bzz/IntelliJ IDEA/jbr/lib/libzip.so
7fcd0c186000-7fcd0c385000 ---p 00007000 08:01 166044                     /home/bzz/IntelliJ IDEA/jbr/lib/libzip.so
7fcd0c385000-7fcd0c386000 r--p 00006000 08:01 166044                     /home/bzz/IntelliJ IDEA/jbr/lib/libzip.so
7fcd0c386000-7fcd0c387000 rw-p 00000000 00:00 0 
7fcd0c387000-7fcd0c392000 r-xp 00000000 08:01 792067                     /lib/x86_64-linux-gnu/libnss_files-2.27.so
7fcd0c392000-7fcd0c591000 ---p 0000b000 08:01 792067                     /lib/x86_64-linux-gnu/libnss_files-2.27.so
7fcd0c591000-7fcd0c592000 r--p 0000a000 08:01 792067                     /lib/x86_64-linux-gnu/libnss_files-2.27.so
7fcd0c592000-7fcd0c593000 rw-p 0000b000 08:01 792067                     /lib/x86_64-linux-gnu/libnss_files-2.27.so
7fcd0c593000-7fcd0c599000 rw-p 00000000 00:00 0 
7fcd0c599000-7fcd0c5b0000 r-xp 00000000 08:01 792063                     /lib/x86_64-linux-gnu/libnsl-2.27.so
7fcd0c5b0000-7fcd0c7af000 ---p 00017000 08:01 792063                     /lib/x86_64-linux-gnu/libnsl-2.27.so
7fcd0c7af000-7fcd0c7b0000 r--p 00016000 08:01 792063                     /lib/x86_64-linux-gnu/libnsl-2.27.so
7fcd0c7b0000-7fcd0c7b1000 rw-p 00017000 08:01 792063                     /lib/x86_64-linux-gnu/libnsl-2.27.so
7fcd0c7b1000-7fcd0c7b3000 rw-p 00000000 00:00 0 
7fcd0c7b3000-7fcd0c7be000 r-xp 00000000 08:01 792069                     /lib/x86_64-linux-gnu/libnss_nis-2.27.so
7fcd0c7be000-7fcd0c9bd000 ---p 0000b000 08:01 792069                     /lib/x86_64-linux-gnu/libnss_nis-2.27.so
7fcd0c9bd000-7fcd0c9be000 r--p 0000a000 08:01 792069                     /lib/x86_64-linux-gnu/libnss_nis-2.27.so
7fcd0c9be000-7fcd0c9bf000 rw-p 0000b000 08:01 792069                     /lib/x86_64-linux-gnu/libnss_nis-2.27.so
7fcd0c9bf000-7fcd0c9c7000 r-xp 00000000 08:01 792064                     /lib/x86_64-linux-gnu/libnss_compat-2.27.so
7fcd0c9c7000-7fcd0cbc7000 ---p 00008000 08:01 792064                     /lib/x86_64-linux-gnu/libnss_compat-2.27.so
7fcd0cbc7000-7fcd0cbc8000 r--p 00008000 08:01 792064                     /lib/x86_64-linux-gnu/libnss_compat-2.27.so
7fcd0cbc8000-7fcd0cbc9000 rw-p 00009000 08:01 792064                     /lib/x86_64-linux-gnu/libnss_compat-2.27.so
7fcd0cbc9000-7fcd0cbe4000 r-xp 00000000 08:01 166026                     /home/bzz/IntelliJ IDEA/jbr/lib/libjimage.so
7fcd0cbe4000-7fcd0cde4000 ---p 0001b000 08:01 166026                     /home/bzz/IntelliJ IDEA/jbr/lib/libjimage.so
7fcd0cde4000-7fcd0cde6000 r--p 0001b000 08:01 166026                     /home/bzz/IntelliJ IDEA/jbr/lib/libjimage.so
7fcd0cde6000-7fcd0cde7000 rw-p 0001d000 08:01 166026                     /home/bzz/IntelliJ IDEA/jbr/lib/libjimage.so
7fcd0cde7000-7fcd0ce10000 r-xp 00000000 08:01 166021                     /home/bzz/IntelliJ IDEA/jbr/lib/libjava.so
7fcd0ce10000-7fcd0d00f000 ---p 00029000 08:01 166021                     /home/bzz/IntelliJ IDEA/jbr/lib/libjava.so
7fcd0d00f000-7fcd0d010000 r--p 00028000 08:01 166021                     /home/bzz/IntelliJ IDEA/jbr/lib/libjava.so
7fcd0d010000-7fcd0d011000 rw-p 00029000 08:01 166021                     /home/bzz/IntelliJ IDEA/jbr/lib/libjava.so
7fcd0d011000-7fcd0d012000 rw-p 00000000 00:00 0 
7fcd0d012000-7fcd0d01f000 r-xp 00000000 08:01 166043                     /home/bzz/IntelliJ IDEA/jbr/lib/libverify.so
7fcd0d01f000-7fcd0d21e000 ---p 0000d000 08:01 166043                     /home/bzz/IntelliJ IDEA/jbr/lib/libverify.so
7fcd0d21e000-7fcd0d220000 r--p 0000c000 08:01 166043                     /home/bzz/IntelliJ IDEA/jbr/lib/libverify.so
7fcd0d220000-7fcd0d221000 rw-p 00000000 00:00 0 
7fcd0d221000-7fcd0d228000 r-xp 00000000 08:01 792076                     /lib/x86_64-linux-gnu/librt-2.27.so
7fcd0d228000-7fcd0d427000 ---p 00007000 08:01 792076                     /lib/x86_64-linux-gnu/librt-2.27.so
7fcd0d427000-7fcd0d428000 r--p 00006000 08:01 792076                     /lib/x86_64-linux-gnu/librt-2.27.so
7fcd0d428000-7fcd0d429000 rw-p 00007000 08:01 792076                     /lib/x86_64-linux-gnu/librt-2.27.so
7fcd0d429000-7fcd0d5c6000 r-xp 00000000 08:01 792056                     /lib/x86_64-linux-gnu/libm-2.27.so
7fcd0d5c6000-7fcd0d7c5000 ---p 0019d000 08:01 792056                     /lib/x86_64-linux-gnu/libm-2.27.so
7fcd0d7c5000-7fcd0d7c6000 r--p 0019c000 08:01 792056                     /lib/x86_64-linux-gnu/libm-2.27.so
7fcd0d7c6000-7fcd0d7c7000 rw-p 0019d000 08:01 792056                     /lib/x86_64-linux-gnu/libm-2.27.so
7fcd0d7c7000-7fcd0e7f3000 r-xp 00000000 08:01 400724                     /home/bzz/IntelliJ IDEA/jbr/lib/server/libjvm.so
7fcd0e7f3000-7fcd0e9f2000 ---p 0102c000 08:01 400724                     /home/bzz/IntelliJ IDEA/jbr/lib/server/libjvm.so
7fcd0e9f2000-7fcd0eab1000 r--p 0102b000 08:01 400724                     /home/bzz/IntelliJ IDEA/jbr/lib/server/libjvm.so
7fcd0eab1000-7fcd0eaea000 rw-p 010ea000 08:01 400724                     /home/bzz/IntelliJ IDEA/jbr/lib/server/libjvm.so
7fcd0eaea000-7fcd0eb41000 rw-p 00000000 00:00 0 
7fcd0eb41000-7fcd0ed28000 r-xp 00000000 08:01 792049                     /lib/x86_64-linux-gnu/libc-2.27.so
7fcd0ed28000-7fcd0ef28000 ---p 001e7000 08:01 792049                     /lib/x86_64-linux-gnu/libc-2.27.so
7fcd0ef28000-7fcd0ef2c000 r--p 001e7000 08:01 792049                     /lib/x86_64-linux-gnu/libc-2.27.so
7fcd0ef2c000-7fcd0ef2e000 rw-p 001eb000 08:01 792049                     /lib/x86_64-linux-gnu/libc-2.27.so
7fcd0ef2e000-7fcd0ef32000 rw-p 00000000 00:00 0 
7fcd0ef32000-7fcd0ef35000 r-xp 00000000 08:01 792055                     /lib/x86_64-linux-gnu/libdl-2.27.so
7fcd0ef35000-7fcd0f134000 ---p 00003000 08:01 792055                     /lib/x86_64-linux-gnu/libdl-2.27.so
7fcd0f134000-7fcd0f135000 r--p 00002000 08:01 792055                     /lib/x86_64-linux-gnu/libdl-2.27.so
7fcd0f135000-7fcd0f136000 rw-p 00003000 08:01 792055                     /lib/x86_64-linux-gnu/libdl-2.27.so
7fcd0f136000-7fcd0f145000 r-xp 00000000 08:01 166003                     /home/bzz/IntelliJ IDEA/jbr/lib/jli/libjli.so
7fcd0f145000-7fcd0f344000 ---p 0000f000 08:01 166003                     /home/bzz/IntelliJ IDEA/jbr/lib/jli/libjli.so
7fcd0f344000-7fcd0f345000 r--p 0000e000 08:01 166003                     /home/bzz/IntelliJ IDEA/jbr/lib/jli/libjli.so
7fcd0f345000-7fcd0f346000 rw-p 0000f000 08:01 166003                     /home/bzz/IntelliJ IDEA/jbr/lib/jli/libjli.so
7fcd0f346000-7fcd0f360000 r-xp 00000000 08:01 792072                     /lib/x86_64-linux-gnu/libpthread-2.27.so
7fcd0f360000-7fcd0f55f000 ---p 0001a000 08:01 792072                     /lib/x86_64-linux-gnu/libpthread-2.27.so
7fcd0f55f000-7fcd0f560000 r--p 00019000 08:01 792072                     /lib/x86_64-linux-gnu/libpthread-2.27.so
7fcd0f560000-7fcd0f561000 rw-p 0001a000 08:01 792072                     /lib/x86_64-linux-gnu/libpthread-2.27.so
7fcd0f561000-7fcd0f565000 rw-p 00000000 00:00 0 
7fcd0f565000-7fcd0f581000 r-xp 00000000 08:01 792556                     /lib/x86_64-linux-gnu/libz.so.1.2.11
7fcd0f581000-7fcd0f780000 ---p 0001c000 08:01 792556                     /lib/x86_64-linux-gnu/libz.so.1.2.11
7fcd0f780000-7fcd0f781000 r--p 0001b000 08:01 792556                     /lib/x86_64-linux-gnu/libz.so.1.2.11
7fcd0f781000-7fcd0f782000 rw-p 0001c000 08:01 792556                     /lib/x86_64-linux-gnu/libz.so.1.2.11
7fcd0f782000-7fcd0f7ab000 r-xp 00000000 08:01 787144                     /lib/x86_64-linux-gnu/ld-2.27.so
7fcd0f86e000-7fcd0f88f000 rw-p 00000000 00:00 0 
7fcd0f88f000-7fcd0f893000 ---p 00000000 00:00 0 
7fcd0f893000-7fcd0f994000 rw-p 00000000 00:00 0 
7fcd0f995000-7fcd0f99a000 rw-p 00000000 00:00 0 
7fcd0f99a000-7fcd0f9a1000 ---p 00000000 00:00 0 
7fcd0f9a1000-7fcd0f9a9000 rw-s 00000000 08:01 297928                     /tmp/hsperfdata_bzz/14620
7fcd0f9a9000-7fcd0f9aa000 ---p 00000000 00:00 0 
7fcd0f9aa000-7fcd0f9ab000 r--p 00000000 00:00 0 
7fcd0f9ab000-7fcd0f9ac000 r--p 00029000 08:01 787144                     /lib/x86_64-linux-gnu/ld-2.27.so
7fcd0f9ac000-7fcd0f9ad000 rw-p 0002a000 08:01 787144                     /lib/x86_64-linux-gnu/ld-2.27.so
7fcd0f9ad000-7fcd0f9ae000 rw-p 00000000 00:00 0 
7fff52452000-7fff52473000 rw-p 00000000 00:00 0                          [stack]
7fff52560000-7fff52563000 r--p 00000000 00:00 0                          [vvar]
7fff52563000-7fff52565000 r-xp 00000000 00:00 0                          [vdso]
ffffffffff600000-ffffffffff601000 r-xp 00000000 00:00 0                  [vsyscall]


VM Arguments:
java_command: org.jetbrains.git4idea.http.GitAskPassApp Username for 'https://github.com': 
java_class_path (initial): /home/bzz/IntelliJ IDEA/plugins/git4idea/lib/git4idea-rt.jar:/home/bzz/IntelliJ IDEA/lib/xmlrpc-2.0.1.jar:/home/bzz/IntelliJ IDEA/lib/commons-codec-1.14.jar
Launcher Type: SUN_STANDARD

[Global flags]
     intx CICompilerCount                          = 2                                         {product} {ergonomic}
     uint ConcGCThreads                            = 1                                         {product} {ergonomic}
     uint G1ConcRefinementThreads                  = 2                                         {product} {ergonomic}
   size_t G1HeapRegionSize                         = 1048576                                   {product} {ergonomic}
    uintx GCDrainStackTargetSize                   = 64                                        {product} {ergonomic}
   size_t InitialHeapSize                          = 65011712                                  {product} {ergonomic}
   size_t MarkStackSize                            = 4194304                                   {product} {ergonomic}
   size_t MaxHeapSize                              = 1029701632                                {product} {ergonomic}
   size_t MinHeapDeltaBytes                        = 1048576                                   {product} {ergonomic}
    uintx NonNMethodCodeHeapSize                   = 5825164                                {pd product} {ergonomic}
    uintx NonProfiledCodeHeapSize                  = 122916538                              {pd product} {ergonomic}
    uintx ProfiledCodeHeapSize                     = 122916538                              {pd product} {ergonomic}
    uintx ReservedCodeCacheSize                    = 251658240                              {pd product} {ergonomic}
     bool SegmentedCodeCache                       = true                                      {product} {ergonomic}
     bool UseCompressedClassPointers               = true                                 {lp64_product} {ergonomic}
     bool UseCompressedOops                        = true                                 {lp64_product} {ergonomic}
     bool UseG1GC                                  = true                                      {product} {ergonomic}

Logging:
Log output configuration:
 #0: stdout all=warning uptime,level,tags
 #1: stderr all=off uptime,level,tags

Environment Variables:
PATH=/usr/lib/git-core:/usr/local/sbin:/usr/local/bin:/usr/sbin:/usr/bin:/sbin:/bin:/usr/games:/usr/local/games:/snap/bin
SHELL=/bin/bash
DISPLAY=:0
LANG=de_CH.UTF-8
LC_ALL=en_US.UTF-8

Signal Handlers:
SIGSEGV: [libjvm.so+0xd68e10], sa_mask[0]=11111111011111111101111111111110, sa_flags=SA_RESTART|SA_SIGINFO
SIGBUS: [libjvm.so+0xd68e10], sa_mask[0]=11111111011111111101111111111110, sa_flags=SA_RESTART|SA_SIGINFO
SIGFPE: [libjvm.so+0xd68e10], sa_mask[0]=11111111011111111101111111111110, sa_flags=SA_RESTART|SA_SIGINFO
SIGPIPE: [libjvm.so+0xb6cbd0], sa_mask[0]=11111111011111111101111111111110, sa_flags=SA_RESTART|SA_SIGINFO
SIGXFSZ: [libjvm.so+0xb6cbd0], sa_mask[0]=11111111011111111101111111111110, sa_flags=SA_RESTART|SA_SIGINFO
SIGILL: [libjvm.so+0xd68e10], sa_mask[0]=11111111011111111101111111111110, sa_flags=SA_RESTART|SA_SIGINFO
SIGUSR2: [libjvm.so+0xb6ca60], sa_mask[0]=00100000000000000000000000000000, sa_flags=SA_RESTART|SA_SIGINFO
SIGHUP: SIG_DFL, sa_mask[0]=00000000000000000000000000000000, sa_flags=none
SIGINT: SIG_DFL, sa_mask[0]=00000000000000000000000000000000, sa_flags=none
SIGTERM: SIG_DFL, sa_mask[0]=00000000000000000000000000000000, sa_flags=none
SIGQUIT: SIG_DFL, sa_mask[0]=00000000000000000000000000000000, sa_flags=none


---------------  S Y S T E M  ---------------

OS:DISTRIB_ID=LinuxMint
DISTRIB_RELEASE=19.1
DISTRIB_CODENAME=tessa
DISTRIB_DESCRIPTION="Linux Mint 19.1 Tessa"
uname:Linux 4.15.0-20-generic #21-Ubuntu SMP Tue Apr 24 06:16:15 UTC 2018 x86_64
OS uptime: 0 days 13:31 hours
libc:glibc 2.27 NPTL 2.27 
rlimit (soft/hard): STACK 8192k/infinity , CORE 0k/infinity , NPROC 15440/15440 , NOFILE 1048576/1048576 , AS infinity/infinity , CPU infinity/infinity , DATA infinity/infinity , FSIZE infinity/infinity , MEMLOCK 65536k/65536k
load average:2.42 1.51 1.36

/proc/meminfo:
MemTotal:        4015696 kB
MemFree:          102448 kB
MemAvailable:      12176 kB
Buffers:             320 kB
Cached:            44424 kB
SwapCached:         1152 kB
Active:          2490820 kB
Inactive:         632028 kB
Active(anon):    2484612 kB
Inactive(anon):   621192 kB
Active(file):       6208 kB
Inactive(file):    10836 kB
Unevictable:          48 kB
Mlocked:              48 kB
SwapTotal:        969960 kB
SwapFree:              0 kB
Dirty:                80 kB
Writeback:             8 kB
AnonPages:       3077372 kB
Mapped:            13512 kB
Shmem:             27524 kB
Slab:             113316 kB
SReclaimable:      43128 kB
SUnreclaim:        70188 kB
KernelStack:       17216 kB
PageTables:        56856 kB
NFS_Unstable:          0 kB
Bounce:                0 kB
WritebackTmp:          0 kB
CommitLimit:     2977808 kB
Committed_AS:    8691564 kB
VmallocTotal:   34359738367 kB
VmallocUsed:           0 kB
VmallocChunk:          0 kB
HardwareCorrupted:     0 kB
AnonHugePages:         0 kB
ShmemHugePages:        0 kB
ShmemPmdMapped:        0 kB
CmaTotal:              0 kB
CmaFree:               0 kB
HugePages_Total:       0
HugePages_Free:        0
HugePages_Rsvd:        0
HugePages_Surp:        0
Hugepagesize:       2048 kB
DirectMap4k:      212800 kB
DirectMap2M:     3981312 kB
DirectMap1G:     2097152 kB

/sys/kernel/mm/transparent_hugepage/enabled:
always [madvise] never

/sys/kernel/mm/transparent_hugepage/defrag (defrag/compaction efforts parameter):
always defer defer+madvise [madvise] never


/proc/sys/kernel/threads-max (system-wide limit on the number of threads):
30880


/proc/sys/vm/max_map_count (maximum number of memory map areas a process may have):
65530


/proc/sys/kernel/pid_max (system-wide limit on number of process identifiers):
131072



container (cgroup) information:
container_type: cgroupv1
cpu_cpuset_cpus: 0-1
cpu_memory_nodes: 0
active_processor_count: 2
cpu_quota: -1
cpu_period: 100000
cpu_shares: -1
memory_limit_in_bytes: -1
memory_and_swap_limit_in_bytes: -2
memory_soft_limit_in_bytes: -1
memory_usage_in_bytes: 3195027456
memory_max_usage_in_bytes: 852316160

VMWare virtualization detected
Steal ticks since vm start: 0
Steal ticks percentage since vm start:  0.000

CPU:total 2 (initial active 2) (1 cores per cpu, 1 threads per core) family 6 model 142 stepping 12, cmov, cx8, fxsr, mmx, sse, sse2, sse3, ssse3, sse4.1, sse4.2, popcnt, avx, avx2, aes, clmul, erms, 3dnowpref, lzcnt, tsc, tscinvbit, bmi1, bmi2, adx, fma
CPU Model and flags from /proc/cpuinfo:
model name	: Intel(R) Core(TM) i7-10510U CPU @ 1.80GHz
flags		: fpu vme de pse tsc msr pae mce cx8 apic sep mtrr pge mca cmov pat pse36 clflush mmx fxsr sse sse2 ss syscall nx pdpe1gb rdtscp lm constant_tsc arch_perfmon nopl xtopology tsc_reliable nonstop_tsc cpuid pni pclmulqdq ssse3 fma cx16 pcid sse4_1 sse4_2 x2apic movbe popcnt tsc_deadline_timer aes xsave avx f16c rdrand hypervisor lahf_lm abm 3dnowprefetch cpuid_fault invpcid_single fsgsbase tsc_adjust bmi1 avx2 smep bmi2 invpcid rdseed adx smap clflushopt xsaveopt xsavec xsaves ibpb ibrs stibp arat arch_capabilities

Memory: 4k page, physical 4015696k(105860k free), swap 969960k(0k free)

vm_info: OpenJDK 64-Bit Server VM (11.0.8+10-b944.34) for linux-amd64 JRE (11.0.8+10-b944.34), built on Sep 11 2020 12:47:33 by "" with gcc 8.3.1 20190311 (Red Hat 8.3.1-3)

END.
