#
# There is insufficient memory for the Java Runtime Environment to continue.
# Native memory allocation (mmap) failed to map 65011712 bytes for committing reserved memory.
# Possible reasons:
#   The system is out of physical RAM or swap space
#   The process is running with CompressedOops enabled, and the Java Heap may be blocking the growth of the native heap
# Possible solutions:
#   Reduce memory load on the system
#   Increase physical memory or swap space
#   Check if swap backing store is full
#   Decrease Java heap size (-Xmx/-Xms)
#   Decrease number of Java threads
#   Decrease Java thread stack sizes (-Xss)
#   Set larger code cache with -XX:ReservedCodeCacheSize=
# This output file may be truncated or incomplete.
#
#  Out of Memory Error (os_linux.cpp:2877), pid=14710, tid=14711
#
# JRE version:  (11.0.8+10) (build )
# Java VM: OpenJDK 64-Bit Server VM (11.0.8+10-b944.34, mixed mode, sharing, tiered, compressed oops, g1 gc, linux-amd64)
# Core dump will be written. Default location: Core dumps may be processed with "/usr/share/apport/apport %p %s %c %d %P %E" (or dumping to /home/bzz/IdeaProjects/Skigebiete/core.14710)
#

---------------  S U M M A R Y ------------

Command Line: org.jetbrains.git4idea.http.GitAskPassApp Username for 'https://github.com': 

Host: Intel(R) Core(TM) i7-10510U CPU @ 1.80GHz, 2 cores, 3G, Linux Mint 19.1 Tessa
Time: Tue Jul 12 17:53:00 2022 CEST elapsed time: 0 seconds (0d 0h 0m 0s)

---------------  T H R E A D  ---------------

Current thread (0x00007f0190028800):  JavaThread "Unknown thread" [_thread_in_vm, id=14711, stack(0x00007f01973e6000,0x00007f01974e7000)]

Stack: [0x00007f01973e6000,0x00007f01974e7000],  sp=0x00007f01974e5200,  free space=1020k
Native frames: (J=compiled Java code, A=aot compiled Java code, j=interpreted, Vv=VM code, C=native code)
V  [libjvm.so+0xd680df]  VMError::report_and_die(int, char const*, char const*, __va_list_tag*, Thread*, unsigned char*, void*, void*, char const*, int, unsigned long)+0x37f
V  [libjvm.so+0xd68dbb]  VMError::report_and_die(Thread*, char const*, int, unsigned long, VMErrorType, char const*, __va_list_tag*)+0x2b
V  [libjvm.so+0x653115]  report_vm_out_of_memory(char const*, int, unsigned long, VMErrorType, char const*, ...)+0xc5
V  [libjvm.so+0xb71028]  os::pd_commit_memory_or_exit(char*, unsigned long, unsigned long, bool, char const*)+0xd8
V  [libjvm.so+0xb683cd]  os::commit_memory_or_exit(char*, unsigned long, unsigned long, bool, char const*)+0x1d
V  [libjvm.so+0x76c07c]  G1PageBasedVirtualSpace::commit_preferred_pages(unsigned long, unsigned long)+0x6c
V  [libjvm.so+0x76c45e]  G1PageBasedVirtualSpace::commit(unsigned long, unsigned long)+0x19e
V  [libjvm.so+0x775756]  G1RegionsLargerThanCommitSizeMapper::commit_regions(unsigned int, unsigned long, WorkGang*)+0x46
V  [libjvm.so+0x7edcd4]  HeapRegionManager::commit_regions(unsigned int, unsigned long, WorkGang*)+0x54
V  [libjvm.so+0x7ee8e0]  HeapRegionManager::make_regions_available(unsigned int, unsigned int, WorkGang*)+0x30
V  [libjvm.so+0x7eed07]  HeapRegionManager::expand_at(unsigned int, unsigned int, WorkGang*) [clone .part.24]+0xf7
V  [libjvm.so+0x72a290]  G1CollectedHeap::expand(unsigned long, WorkGang*, double*)+0xe0
V  [libjvm.so+0x72a991]  G1CollectedHeap::initialize()+0x681
V  [libjvm.so+0xd2ae61]  Universe::initialize_heap()+0x41
V  [libjvm.so+0xd2b136]  universe_init()+0x46
V  [libjvm.so+0x80db97]  init_globals()+0x57
V  [libjvm.so+0xd04eda]  Threads::create_vm(JavaVMInitArgs*, bool*)+0x30a
V  [libjvm.so+0x8b22f1]  JNI_CreateJavaVM+0x51
C  [libjli.so+0x3c98]  JavaMain+0x88


---------------  P R O C E S S  ---------------

Threads class SMR info:
_java_thread_list=0x000055f73d420e50, length=0, elements={
}

Java Threads: ( => current thread )

Other Threads:
  0x00007f0190040000 GCTaskThread "GC Thread#0" [stack: 0x00007f017d1e9000,0x00007f017d2e9000] [id=14712]
  0x00007f019005b000 ConcurrentGCThread "G1 Main Marker" [stack: 0x00007f017c924000,0x00007f017ca24000] [id=14713]
  0x00007f019005d000 ConcurrentGCThread "G1 Conc#0" [stack: 0x00007f017c822000,0x00007f017c922000] [id=14714]

[error occurred during error reporting (printing all threads), id 0xb, SIGSEGV (0xb) at pc=0x00007f0195a61a10]

VM state:not at safepoint (not fully initialized)

VM Mutex/Monitor currently owned by a thread:  ([mutex/lock_event])
[0x00007f0190024e50] Heap_lock - owner thread: 0x00007f0190028800

Heap address: 0x00000000c2a00000, size: 982 MB, Compressed Oops mode: Non-zero based: 0x00000000c2a00000
Narrow klass base: 0x0000000000000000, Narrow klass shift: 0

GC Heap History (0 events):
No events

Deoptimization events (0 events):
No events

Classes redefined (0 events):
No events

Internal exceptions (0 events):
No events

Events (2 events):
Event: 0.041 Protecting memory [0x00007f01973e6000,0x00007f01973ea000] with protection modes 0
Event: 0.043 Loaded shared library /home/bzz/IntelliJ IDEA/jbr/lib/libzip.so


Dynamic libraries:
c6800000-100000000 ---p 00000000 00:00 0 
55f73b47e000-55f73b47f000 r-xp 00000000 08:01 403377                     /home/bzz/IntelliJ IDEA/jbr/bin/java
55f73b67f000-55f73b680000 r--p 00001000 08:01 403377                     /home/bzz/IntelliJ IDEA/jbr/bin/java
55f73b680000-55f73b681000 rw-p 00002000 08:01 403377                     /home/bzz/IntelliJ IDEA/jbr/bin/java
55f73d41d000-55f73d43e000 rw-p 00000000 00:00 0                          [heap]
7f0168000000-7f0168021000 rw-p 00000000 00:00 0 
7f0168021000-7f016c000000 ---p 00000000 00:00 0 
7f0170000000-7f0170021000 rw-p 00000000 00:00 0 
7f0170021000-7f0174000000 ---p 00000000 00:00 0 
7f0174150000-7f0176150000 rw-p 00000000 00:00 0 
7f0176150000-7f0178000000 ---p 00000000 00:00 0 
7f0178000000-7f0178021000 rw-p 00000000 00:00 0 
7f0178021000-7f017c000000 ---p 00000000 00:00 0 
7f017c291000-7f017c820000 rw-p 00000000 00:00 0 
7f017c820000-7f017c821000 ---p 00000000 00:00 0 
7f017c821000-7f017c922000 rw-p 00000000 00:00 0 
7f017c922000-7f017c923000 ---p 00000000 00:00 0 
7f017c923000-7f017ca24000 rw-p 00000000 00:00 0 
7f017ca24000-7f017cfe5000 ---p 00000000 00:00 0 
7f017cfe5000-7f017d1e7000 rw-p 00000000 00:00 0 
7f017d1e7000-7f017d1e8000 ---p 00000000 00:00 0 
7f017d1e8000-7f017d2ee000 rw-p 00000000 00:00 0 
7f017d2ee000-7f017d3d4000 ---p 00000000 00:00 0 
7f017d3d4000-7f017d644000 rwxp 00000000 00:00 0 
7f017d644000-7f017d963000 ---p 00000000 00:00 0 
7f017d963000-7f017dbd3000 rwxp 00000000 00:00 0 
7f017dbd3000-7f0184e9b000 ---p 00000000 00:00 0 
7f0184e9b000-7f018510b000 rwxp 00000000 00:00 0 
7f018510b000-7f018c3d4000 ---p 00000000 00:00 0 
7f018c3d4000-7f018fbe6000 r--s 00000000 08:01 166272                     /home/bzz/IntelliJ IDEA/jbr/lib/modules
7f018fbe6000-7f018fbed000 r-xp 00000000 08:01 166044                     /home/bzz/IntelliJ IDEA/jbr/lib/libzip.so
7f018fbed000-7f018fdec000 ---p 00007000 08:01 166044                     /home/bzz/IntelliJ IDEA/jbr/lib/libzip.so
7f018fdec000-7f018fded000 r--p 00006000 08:01 166044                     /home/bzz/IntelliJ IDEA/jbr/lib/libzip.so
7f018fded000-7f018fdee000 rw-p 00000000 00:00 0 
7f018fdee000-7f018fdf9000 r-xp 00000000 08:01 792067                     /lib/x86_64-linux-gnu/libnss_files-2.27.so
7f018fdf9000-7f018fff8000 ---p 0000b000 08:01 792067                     /lib/x86_64-linux-gnu/libnss_files-2.27.so
7f018fff8000-7f018fff9000 r--p 0000a000 08:01 792067                     /lib/x86_64-linux-gnu/libnss_files-2.27.so
7f018fff9000-7f018fffa000 rw-p 0000b000 08:01 792067                     /lib/x86_64-linux-gnu/libnss_files-2.27.so
7f018fffa000-7f0190000000 rw-p 00000000 00:00 0 
7f0190000000-7f0190072000 rw-p 00000000 00:00 0 
7f0190072000-7f0194000000 ---p 00000000 00:00 0 
7f0194005000-7f019400a000 rw-p 00000000 00:00 0 
7f019400a000-7f01940f0000 ---p 00000000 00:00 0 
7f01940f0000-7f0194107000 r-xp 00000000 08:01 792063                     /lib/x86_64-linux-gnu/libnsl-2.27.so
7f0194107000-7f0194306000 ---p 00017000 08:01 792063                     /lib/x86_64-linux-gnu/libnsl-2.27.so
7f0194306000-7f0194307000 r--p 00016000 08:01 792063                     /lib/x86_64-linux-gnu/libnsl-2.27.so
7f0194307000-7f0194308000 rw-p 00017000 08:01 792063                     /lib/x86_64-linux-gnu/libnsl-2.27.so
7f0194308000-7f019430a000 rw-p 00000000 00:00 0 
7f019430a000-7f0194315000 r-xp 00000000 08:01 792069                     /lib/x86_64-linux-gnu/libnss_nis-2.27.so
7f0194315000-7f0194514000 ---p 0000b000 08:01 792069                     /lib/x86_64-linux-gnu/libnss_nis-2.27.so
7f0194514000-7f0194515000 r--p 0000a000 08:01 792069                     /lib/x86_64-linux-gnu/libnss_nis-2.27.so
7f0194515000-7f0194516000 rw-p 0000b000 08:01 792069                     /lib/x86_64-linux-gnu/libnss_nis-2.27.so
7f0194516000-7f019451e000 r-xp 00000000 08:01 792064                     /lib/x86_64-linux-gnu/libnss_compat-2.27.so
7f019451e000-7f019471e000 ---p 00008000 08:01 792064                     /lib/x86_64-linux-gnu/libnss_compat-2.27.so
7f019471e000-7f019471f000 r--p 00008000 08:01 792064                     /lib/x86_64-linux-gnu/libnss_compat-2.27.so
7f019471f000-7f0194720000 rw-p 00009000 08:01 792064                     /lib/x86_64-linux-gnu/libnss_compat-2.27.so
7f0194720000-7f019473b000 r-xp 00000000 08:01 166026                     /home/bzz/IntelliJ IDEA/jbr/lib/libjimage.so
7f019473b000-7f019493b000 ---p 0001b000 08:01 166026                     /home/bzz/IntelliJ IDEA/jbr/lib/libjimage.so
7f019493b000-7f019493d000 r--p 0001b000 08:01 166026                     /home/bzz/IntelliJ IDEA/jbr/lib/libjimage.so
7f019493d000-7f019493e000 rw-p 0001d000 08:01 166026                     /home/bzz/IntelliJ IDEA/jbr/lib/libjimage.so
7f019493e000-7f0194967000 r-xp 00000000 08:01 166021                     /home/bzz/IntelliJ IDEA/jbr/lib/libjava.so
7f0194967000-7f0194b66000 ---p 00029000 08:01 166021                     /home/bzz/IntelliJ IDEA/jbr/lib/libjava.so
7f0194b66000-7f0194b67000 r--p 00028000 08:01 166021                     /home/bzz/IntelliJ IDEA/jbr/lib/libjava.so
7f0194b67000-7f0194b68000 rw-p 00029000 08:01 166021                     /home/bzz/IntelliJ IDEA/jbr/lib/libjava.so
7f0194b68000-7f0194b69000 rw-p 00000000 00:00 0 
7f0194b69000-7f0194b76000 r-xp 00000000 08:01 166043                     /home/bzz/IntelliJ IDEA/jbr/lib/libverify.so
7f0194b76000-7f0194d75000 ---p 0000d000 08:01 166043                     /home/bzz/IntelliJ IDEA/jbr/lib/libverify.so
7f0194d75000-7f0194d77000 r--p 0000c000 08:01 166043                     /home/bzz/IntelliJ IDEA/jbr/lib/libverify.so
7f0194d77000-7f0194d78000 rw-p 00000000 00:00 0 
7f0194d78000-7f0194d7f000 r-xp 00000000 08:01 792076                     /lib/x86_64-linux-gnu/librt-2.27.so
7f0194d7f000-7f0194f7e000 ---p 00007000 08:01 792076                     /lib/x86_64-linux-gnu/librt-2.27.so
7f0194f7e000-7f0194f7f000 r--p 00006000 08:01 792076                     /lib/x86_64-linux-gnu/librt-2.27.so
7f0194f7f000-7f0194f80000 rw-p 00007000 08:01 792076                     /lib/x86_64-linux-gnu/librt-2.27.so
7f0194f80000-7f019511d000 r-xp 00000000 08:01 792056                     /lib/x86_64-linux-gnu/libm-2.27.so
7f019511d000-7f019531c000 ---p 0019d000 08:01 792056                     /lib/x86_64-linux-gnu/libm-2.27.so
7f019531c000-7f019531d000 r--p 0019c000 08:01 792056                     /lib/x86_64-linux-gnu/libm-2.27.so
7f019531d000-7f019531e000 rw-p 0019d000 08:01 792056                     /lib/x86_64-linux-gnu/libm-2.27.so
7f019531e000-7f019634a000 r-xp 00000000 08:01 400724                     /home/bzz/IntelliJ IDEA/jbr/lib/server/libjvm.so
7f019634a000-7f0196549000 ---p 0102c000 08:01 400724                     /home/bzz/IntelliJ IDEA/jbr/lib/server/libjvm.so
7f0196549000-7f0196608000 r--p 0102b000 08:01 400724                     /home/bzz/IntelliJ IDEA/jbr/lib/server/libjvm.so
7f0196608000-7f0196641000 rw-p 010ea000 08:01 400724                     /home/bzz/IntelliJ IDEA/jbr/lib/server/libjvm.so
7f0196641000-7f0196698000 rw-p 00000000 00:00 0 
7f0196698000-7f019687f000 r-xp 00000000 08:01 792049                     /lib/x86_64-linux-gnu/libc-2.27.so
7f019687f000-7f0196a7f000 ---p 001e7000 08:01 792049                     /lib/x86_64-linux-gnu/libc-2.27.so
7f0196a7f000-7f0196a83000 r--p 001e7000 08:01 792049                     /lib/x86_64-linux-gnu/libc-2.27.so
7f0196a83000-7f0196a85000 rw-p 001eb000 08:01 792049                     /lib/x86_64-linux-gnu/libc-2.27.so
7f0196a85000-7f0196a89000 rw-p 00000000 00:00 0 
7f0196a89000-7f0196a8c000 r-xp 00000000 08:01 792055                     /lib/x86_64-linux-gnu/libdl-2.27.so
7f0196a8c000-7f0196c8b000 ---p 00003000 08:01 792055                     /lib/x86_64-linux-gnu/libdl-2.27.so
7f0196c8b000-7f0196c8c000 r--p 00002000 08:01 792055                     /lib/x86_64-linux-gnu/libdl-2.27.so
7f0196c8c000-7f0196c8d000 rw-p 00003000 08:01 792055                     /lib/x86_64-linux-gnu/libdl-2.27.so
7f0196c8d000-7f0196c9c000 r-xp 00000000 08:01 166003                     /home/bzz/IntelliJ IDEA/jbr/lib/jli/libjli.so
7f0196c9c000-7f0196e9b000 ---p 0000f000 08:01 166003                     /home/bzz/IntelliJ IDEA/jbr/lib/jli/libjli.so
7f0196e9b000-7f0196e9c000 r--p 0000e000 08:01 166003                     /home/bzz/IntelliJ IDEA/jbr/lib/jli/libjli.so
7f0196e9c000-7f0196e9d000 rw-p 0000f000 08:01 166003                     /home/bzz/IntelliJ IDEA/jbr/lib/jli/libjli.so
7f0196e9d000-7f0196eb7000 r-xp 00000000 08:01 792072                     /lib/x86_64-linux-gnu/libpthread-2.27.so
7f0196eb7000-7f01970b6000 ---p 0001a000 08:01 792072                     /lib/x86_64-linux-gnu/libpthread-2.27.so
7f01970b6000-7f01970b7000 r--p 00019000 08:01 792072                     /lib/x86_64-linux-gnu/libpthread-2.27.so
7f01970b7000-7f01970b8000 rw-p 0001a000 08:01 792072                     /lib/x86_64-linux-gnu/libpthread-2.27.so
7f01970b8000-7f01970bc000 rw-p 00000000 00:00 0 
7f01970bc000-7f01970d8000 r-xp 00000000 08:01 792556                     /lib/x86_64-linux-gnu/libz.so.1.2.11
7f01970d8000-7f01972d7000 ---p 0001c000 08:01 792556                     /lib/x86_64-linux-gnu/libz.so.1.2.11
7f01972d7000-7f01972d8000 r--p 0001b000 08:01 792556                     /lib/x86_64-linux-gnu/libz.so.1.2.11
7f01972d8000-7f01972d9000 rw-p 0001c000 08:01 792556                     /lib/x86_64-linux-gnu/libz.so.1.2.11
7f01972d9000-7f0197302000 r-xp 00000000 08:01 787144                     /lib/x86_64-linux-gnu/ld-2.27.so
7f01973c5000-7f01973e6000 rw-p 00000000 00:00 0 
7f01973e6000-7f01973ea000 ---p 00000000 00:00 0 
7f01973ea000-7f01974eb000 rw-p 00000000 00:00 0 
7f01974ec000-7f01974f1000 rw-p 00000000 00:00 0 
7f01974f1000-7f01974f8000 ---p 00000000 00:00 0 
7f01974f8000-7f0197500000 rw-s 00000000 08:01 297928                     /tmp/hsperfdata_bzz/14710
7f0197500000-7f0197501000 ---p 00000000 00:00 0 
7f0197501000-7f0197502000 r--p 00000000 00:00 0 
7f0197502000-7f0197503000 r--p 00029000 08:01 787144                     /lib/x86_64-linux-gnu/ld-2.27.so
7f0197503000-7f0197504000 rw-p 0002a000 08:01 787144                     /lib/x86_64-linux-gnu/ld-2.27.so
7f0197504000-7f0197505000 rw-p 00000000 00:00 0 
7ffecc28c000-7ffecc2ad000 rw-p 00000000 00:00 0                          [stack]
7ffecc35c000-7ffecc35f000 r--p 00000000 00:00 0                          [vvar]
7ffecc35f000-7ffecc361000 r-xp 00000000 00:00 0                          [vdso]
ffffffffff600000-ffffffffff601000 r-xp 00000000 00:00 0                  [vsyscall]


VM Arguments:
java_command: org.jetbrains.git4idea.http.GitAskPassApp Username for 'https://github.com': 
java_class_path (initial): /home/bzz/IntelliJ IDEA/plugins/git4idea/lib/git4idea-rt.jar:/home/bzz/IntelliJ IDEA/lib/xmlrpc-2.0.1.jar:/home/bzz/IntelliJ IDEA/lib/commons-codec-1.14.jar
Launcher Type: SUN_STANDARD

[Global flags]
     intx CICompilerCount                          = 2                                         {product} {ergonomic}
     uint ConcGCThreads                            = 1                                         {product} {ergonomic}
     uint G1ConcRefinementThreads                  = 2                                         {product} {ergonomic}
   size_t G1HeapRegionSize                         = 1048576                                   {product} {ergonomic}
    uintx GCDrainStackTargetSize                   = 64                                        {product} {ergonomic}
   size_t InitialHeapSize                          = 65011712                                  {product} {ergonomic}
   size_t MarkStackSize                            = 4194304                                   {product} {ergonomic}
   size_t MaxHeapSize                              = 1029701632                                {product} {ergonomic}
   size_t MinHeapDeltaBytes                        = 1048576                                   {product} {ergonomic}
    uintx NonNMethodCodeHeapSize                   = 5825164                                {pd product} {ergonomic}
    uintx NonProfiledCodeHeapSize                  = 122916538                              {pd product} {ergonomic}
    uintx ProfiledCodeHeapSize                     = 122916538                              {pd product} {ergonomic}
    uintx ReservedCodeCacheSize                    = 251658240                              {pd product} {ergonomic}
     bool SegmentedCodeCache                       = true                                      {product} {ergonomic}
     bool UseCompressedClassPointers               = true                                 {lp64_product} {ergonomic}
     bool UseCompressedOops                        = true                                 {lp64_product} {ergonomic}
     bool UseG1GC                                  = true                                      {product} {ergonomic}

Logging:
Log output configuration:
 #0: stdout all=warning uptime,level,tags
 #1: stderr all=off uptime,level,tags

Environment Variables:
PATH=/usr/lib/git-core:/usr/local/sbin:/usr/local/bin:/usr/sbin:/usr/bin:/sbin:/bin:/usr/games:/usr/local/games:/snap/bin
SHELL=/bin/bash
DISPLAY=:0
LANG=de_CH.UTF-8
LC_ALL=en_US.UTF-8

Signal Handlers:
SIGSEGV: [libjvm.so+0xd68e10], sa_mask[0]=11111111011111111101111111111110, sa_flags=SA_RESTART|SA_SIGINFO
SIGBUS: [libjvm.so+0xd68e10], sa_mask[0]=11111111011111111101111111111110, sa_flags=SA_RESTART|SA_SIGINFO
SIGFPE: [libjvm.so+0xd68e10], sa_mask[0]=11111111011111111101111111111110, sa_flags=SA_RESTART|SA_SIGINFO
SIGPIPE: [libjvm.so+0xb6cbd0], sa_mask[0]=11111111011111111101111111111110, sa_flags=SA_RESTART|SA_SIGINFO
SIGXFSZ: [libjvm.so+0xb6cbd0], sa_mask[0]=11111111011111111101111111111110, sa_flags=SA_RESTART|SA_SIGINFO
SIGILL: [libjvm.so+0xd68e10], sa_mask[0]=11111111011111111101111111111110, sa_flags=SA_RESTART|SA_SIGINFO
SIGUSR2: [libjvm.so+0xb6ca60], sa_mask[0]=00100000000000000000000000000000, sa_flags=SA_RESTART|SA_SIGINFO
SIGHUP: SIG_DFL, sa_mask[0]=00000000000000000000000000000000, sa_flags=none
SIGINT: SIG_DFL, sa_mask[0]=00000000000000000000000000000000, sa_flags=none
SIGTERM: SIG_DFL, sa_mask[0]=00000000000000000000000000000000, sa_flags=none
SIGQUIT: SIG_DFL, sa_mask[0]=00000000000000000000000000000000, sa_flags=none


---------------  S Y S T E M  ---------------

OS:DISTRIB_ID=LinuxMint
DISTRIB_RELEASE=19.1
DISTRIB_CODENAME=tessa
DISTRIB_DESCRIPTION="Linux Mint 19.1 Tessa"
uname:Linux 4.15.0-20-generic #21-Ubuntu SMP Tue Apr 24 06:16:15 UTC 2018 x86_64
OS uptime: 0 days 13:33 hours
libc:glibc 2.27 NPTL 2.27 
rlimit (soft/hard): STACK 8192k/infinity , CORE 0k/infinity , NPROC 15440/15440 , NOFILE 1048576/1048576 , AS infinity/infinity , CPU infinity/infinity , DATA infinity/infinity , FSIZE infinity/infinity , MEMLOCK 65536k/65536k
load average:2.24 1.60 1.40

/proc/meminfo:
MemTotal:        4015696 kB
MemFree:           99992 kB
MemAvailable:      11100 kB
Buffers:             528 kB
Cached:            47068 kB
SwapCached:          164 kB
Active:          2498124 kB
Inactive:         635308 kB
Active(anon):    2491168 kB
Inactive(anon):   622520 kB
Active(file):       6956 kB
Inactive(file):    12788 kB
Unevictable:          48 kB
Mlocked:              48 kB
SwapTotal:        969960 kB
SwapFree:              0 kB
Dirty:               132 kB
Writeback:             0 kB
AnonPages:       3086088 kB
Mapped:            13244 kB
Shmem:             27516 kB
Slab:             113288 kB
SReclaimable:      43188 kB
SUnreclaim:        70100 kB
KernelStack:       17120 kB
PageTables:        56960 kB
NFS_Unstable:          0 kB
Bounce:                0 kB
WritebackTmp:          0 kB
CommitLimit:     2977808 kB
Committed_AS:    8694464 kB
VmallocTotal:   34359738367 kB
VmallocUsed:           0 kB
VmallocChunk:          0 kB
HardwareCorrupted:     0 kB
AnonHugePages:         0 kB
ShmemHugePages:        0 kB
ShmemPmdMapped:        0 kB
CmaTotal:              0 kB
CmaFree:               0 kB
HugePages_Total:       0
HugePages_Free:        0
HugePages_Rsvd:        0
HugePages_Surp:        0
Hugepagesize:       2048 kB
DirectMap4k:      212800 kB
DirectMap2M:     3981312 kB
DirectMap1G:     2097152 kB

/sys/kernel/mm/transparent_hugepage/enabled:
always [madvise] never

/sys/kernel/mm/transparent_hugepage/defrag (defrag/compaction efforts parameter):
always defer defer+madvise [madvise] never


/proc/sys/kernel/threads-max (system-wide limit on the number of threads):
30880


/proc/sys/vm/max_map_count (maximum number of memory map areas a process may have):
65530


/proc/sys/kernel/pid_max (system-wide limit on number of process identifiers):
131072



container (cgroup) information:
container_type: cgroupv1
cpu_cpuset_cpus: 0-1
cpu_memory_nodes: 0
active_processor_count: 2
cpu_quota: -1
cpu_period: 100000
cpu_shares: -1
memory_limit_in_bytes: -1
memory_and_swap_limit_in_bytes: -2
memory_soft_limit_in_bytes: -1
memory_usage_in_bytes: 3208642560
memory_max_usage_in_bytes: 852316160

VMWare virtualization detected
Steal ticks since vm start: 0
Steal ticks percentage since vm start:  0.000

CPU:total 2 (initial active 2) (1 cores per cpu, 1 threads per core) family 6 model 142 stepping 12, cmov, cx8, fxsr, mmx, sse, sse2, sse3, ssse3, sse4.1, sse4.2, popcnt, avx, avx2, aes, clmul, erms, 3dnowpref, lzcnt, tsc, tscinvbit, bmi1, bmi2, adx, fma
CPU Model and flags from /proc/cpuinfo:
model name	: Intel(R) Core(TM) i7-10510U CPU @ 1.80GHz
flags		: fpu vme de pse tsc msr pae mce cx8 apic sep mtrr pge mca cmov pat pse36 clflush mmx fxsr sse sse2 ss syscall nx pdpe1gb rdtscp lm constant_tsc arch_perfmon nopl xtopology tsc_reliable nonstop_tsc cpuid pni pclmulqdq ssse3 fma cx16 pcid sse4_1 sse4_2 x2apic movbe popcnt tsc_deadline_timer aes xsave avx f16c rdrand hypervisor lahf_lm abm 3dnowprefetch cpuid_fault invpcid_single fsgsbase tsc_adjust bmi1 avx2 smep bmi2 invpcid rdseed adx smap clflushopt xsaveopt xsavec xsaves ibpb ibrs stibp arat arch_capabilities

Memory: 4k page, physical 4015696k(100496k free), swap 969960k(0k free)

vm_info: OpenJDK 64-Bit Server VM (11.0.8+10-b944.34) for linux-amd64 JRE (11.0.8+10-b944.34), built on Sep 11 2020 12:47:33 by "" with gcc 8.3.1 20190311 (Red Hat 8.3.1-3)

END.
